2025-04-22 12:18:23 INFO Line No:69 -----------------------------------------------------------------------------------------
2025-04-22 12:18:23 INFO Line No:70                              NEWGEN SOFTWARE TECHNOLOGIES LIMITED
2025-04-22 12:18:23 INFO Line No:71 * Group: Number Theory
2025-04-22 12:18:23 INFO Line No:72 * Product/Project: Intelligent Trade Finance
2025-04-22 12:18:23 INFO Line No:73 -----------------------------------------------------------------------------------------

2025-04-22 12:18:23 INFO Line No:74 ############################ LOGGING FILE : /datadrive2/rakesh/Geo_LayoutLM/inference_main/code/../logs/Api_Call_Logs/logging/__main__.log #############################

2025-04-22 12:18:24 CRITICAL Line No:408 PROCESS STARTED FOR CLUSTER: 1
2025-04-22 12:18:24 CRITICAL Line No:416 Time Taken for out_json_obj : 0:00:00.011200 seconds 
2025-04-22 12:18:26 CRITICAL Line No:424 Time Taken for Model prediction : 0:00:02.308077 seconds 
2025-04-22 12:18:26 CRITICAL Line No:408 PROCESS STARTED FOR CLUSTER: 2
2025-04-22 12:18:26 CRITICAL Line No:416 Time Taken for out_json_obj : 0:00:00.011112 seconds 
2025-04-22 12:18:28 CRITICAL Line No:424 Time Taken for Model prediction : 0:00:02.380464 seconds 
2025-04-22 12:18:28 CRITICAL Line No:408 PROCESS STARTED FOR CLUSTER: 3
2025-04-22 12:18:28 CRITICAL Line No:416 Time Taken for out_json_obj : 0:00:00.016343 seconds 
2025-04-22 12:18:31 CRITICAL Line No:424 Time Taken for Model prediction : 0:00:02.274053 seconds 
2025-04-22 12:18:31 CRITICAL Line No:408 PROCESS STARTED FOR CLUSTER: 4
2025-04-22 12:18:31 CRITICAL Line No:416 Time Taken for out_json_obj : 0:00:00.014923 seconds 
2025-04-22 12:18:33 CRITICAL Line No:424 Time Taken for Model prediction : 0:00:02.049919 seconds 
2025-04-22 12:18:33 CRITICAL Line No:408 PROCESS STARTED FOR CLUSTER: 5
2025-04-22 12:18:33 CRITICAL Line No:416 Time Taken for out_json_obj : 0:00:00.006057 seconds 
2025-04-22 12:18:35 CRITICAL Line No:424 Time Taken for Model prediction : 0:00:02.099837 seconds 
2025-04-22 12:18:35 CRITICAL Line No:432 Time Taken for merging bbox : 0:00:00.349909 seconds 
2025-04-22 12:18:35 CRITICAL Line No:435 overall process time : 0:00:11.862463 seconds 
2025-04-22 12:20:06 INFO Line No:69 -----------------------------------------------------------------------------------------
2025-04-22 12:20:06 INFO Line No:70                              NEWGEN SOFTWARE TECHNOLOGIES LIMITED
2025-04-22 12:20:06 INFO Line No:71 * Group: Number Theory
2025-04-22 12:20:06 INFO Line No:72 * Product/Project: Intelligent Trade Finance
2025-04-22 12:20:06 INFO Line No:73 -----------------------------------------------------------------------------------------

2025-04-22 12:20:06 INFO Line No:74 ############################ LOGGING FILE : /datadrive2/rakesh/Geo_LayoutLM/inference_main/code/../logs/Api_Call_Logs/logging/__main__.log #############################

2025-04-22 12:20:06 CRITICAL Line No:408 PROCESS STARTED FOR CLUSTER: 1
2025-04-22 12:20:06 CRITICAL Line No:416 Time Taken for out_json_obj : 0:00:00.012807 seconds 
2025-04-22 12:20:09 CRITICAL Line No:424 Time Taken for Model prediction : 0:00:02.322174 seconds 
2025-04-22 12:20:09 CRITICAL Line No:408 PROCESS STARTED FOR CLUSTER: 2
2025-04-22 12:20:09 CRITICAL Line No:416 Time Taken for out_json_obj : 0:00:00.013248 seconds 
2025-04-22 12:20:11 CRITICAL Line No:424 Time Taken for Model prediction : 0:00:02.070779 seconds 
2025-04-22 12:20:11 CRITICAL Line No:408 PROCESS STARTED FOR CLUSTER: 3
2025-04-22 12:20:11 CRITICAL Line No:416 Time Taken for out_json_obj : 0:00:00.014665 seconds 
2025-04-22 12:20:13 CRITICAL Line No:424 Time Taken for Model prediction : 0:00:01.809187 seconds 
2025-04-22 12:20:13 CRITICAL Line No:408 PROCESS STARTED FOR CLUSTER: 4
2025-04-22 12:20:13 CRITICAL Line No:416 Time Taken for out_json_obj : 0:00:00.012414 seconds 
2025-04-22 12:20:14 CRITICAL Line No:424 Time Taken for Model prediction : 0:00:01.683597 seconds 
2025-04-22 12:20:14 CRITICAL Line No:408 PROCESS STARTED FOR CLUSTER: 5
2025-04-22 12:20:14 CRITICAL Line No:416 Time Taken for out_json_obj : 0:00:00.006868 seconds 
2025-04-22 12:20:16 CRITICAL Line No:424 Time Taken for Model prediction : 0:00:01.826144 seconds 
2025-04-22 12:20:17 CRITICAL Line No:432 Time Taken for merging bbox : 0:00:00.343272 seconds 
2025-04-22 12:20:17 CRITICAL Line No:435 overall process time : 0:00:10.605669 seconds 
